0 info it worked if it ends with ok
1 verbose cli [ 'node', '/usr/local/bin/npm', 'install', 'mocha', 'chai', '-g' ]
2 info using npm@2.1.9
3 info using node@v0.10.33
4 silly cache add args [ 'mocha', null ]
5 verbose cache add spec mocha
6 silly cache add args [ 'chai', null ]
7 verbose cache add spec chai
8 silly cache add parsed spec { raw: 'mocha',
8 silly cache add   scope: null,
8 silly cache add   name: 'mocha',
8 silly cache add   rawSpec: '',
8 silly cache add   spec: '*',
8 silly cache add   type: 'range' }
9 verbose addNamed mocha@*
10 silly addNamed semver.valid null
11 silly addNamed semver.validRange *
12 silly addNameRange { name: 'mocha', range: '*', hasData: false }
13 silly mapToRegistry name mocha
14 silly mapToRegistry using default registry
15 silly mapToRegistry registry https://registry.npmjs.org/
16 silly mapToRegistry uri https://registry.npmjs.org/mocha
17 verbose addNameRange registry:https://registry.npmjs.org/mocha not in flight; fetching
18 silly cache add parsed spec { raw: 'chai',
18 silly cache add   scope: null,
18 silly cache add   name: 'chai',
18 silly cache add   rawSpec: '',
18 silly cache add   spec: '*',
18 silly cache add   type: 'range' }
19 verbose addNamed chai@*
20 silly addNamed semver.valid null
21 silly addNamed semver.validRange *
22 silly addNameRange { name: 'chai', range: '*', hasData: false }
23 silly mapToRegistry name chai
24 silly mapToRegistry using default registry
25 silly mapToRegistry registry https://registry.npmjs.org/
26 silly mapToRegistry uri https://registry.npmjs.org/chai
27 verbose addNameRange registry:https://registry.npmjs.org/chai not in flight; fetching
28 verbose request uri https://registry.npmjs.org/chai
29 verbose request no auth needed
30 info attempt registry request try #1 at 10:04:01
31 verbose request id 8bf9d61aed39a64b
32 verbose etag "4WN2RJ9G3VBTB67CCXFL0Y7NC"
33 http request GET https://registry.npmjs.org/chai
34 verbose request uri https://registry.npmjs.org/mocha
35 verbose request no auth needed
36 info attempt registry request try #1 at 10:04:02
37 verbose etag "61SLLUBRVV0UQ1TAPMRE6Z7NI"
38 http request GET https://registry.npmjs.org/mocha
39 http 304 https://registry.npmjs.org/chai
40 silly get cb [ 304,
40 silly get   { date: 'Mon, 24 Nov 2014 18:04:01 GMT',
40 silly get     server: 'Apache',
40 silly get     via: '1.1 varnish',
40 silly get     'last-modified': 'Mon, 24 Nov 2014 18:04:01 GMT',
40 silly get     'cache-control': 'max-age=60',
40 silly get     etag: '"4WN2RJ9G3VBTB67CCXFL0Y7NC"',
40 silly get     age: '2',
40 silly get     'x-served-by': 'cache-lax1426-LAX',
40 silly get     'x-cache': 'HIT',
40 silly get     'x-cache-hits': '1',
40 silly get     'x-timer': 'S1416852241.875380,VS0,VE0',
40 silly get     vary: 'Accept',
40 silly get     'content-length': '0',
40 silly get     'keep-alive': 'timeout=10, max=50',
40 silly get     connection: 'Keep-Alive' } ]
41 verbose etag https://registry.npmjs.org/chai from cache
42 http 304 https://registry.npmjs.org/mocha
43 silly get cb [ 304,
43 silly get   { date: 'Mon, 24 Nov 2014 18:04:01 GMT',
43 silly get     server: 'Apache',
43 silly get     via: '1.1 varnish',
43 silly get     'last-modified': 'Mon, 24 Nov 2014 18:04:01 GMT',
43 silly get     'cache-control': 'max-age=60',
43 silly get     etag: '"61SLLUBRVV0UQ1TAPMRE6Z7NI"',
43 silly get     age: '28',
43 silly get     'x-served-by': 'cache-lax1426-LAX',
43 silly get     'x-cache': 'HIT',
43 silly get     'x-cache-hits': '1',
43 silly get     'x-timer': 'S1416852241.875033,VS0,VE2',
43 silly get     vary: 'Accept',
43 silly get     'content-length': '0',
43 silly get     'keep-alive': 'timeout=10, max=50',
43 silly get     connection: 'Keep-Alive' } ]
44 verbose etag https://registry.npmjs.org/mocha from cache
45 silly addNameRange number 2 { name: 'chai', range: '*', hasData: true }
46 silly addNameRange versions [ 'chai',
46 silly addNameRange   [ '0.0.1',
46 silly addNameRange     '0.0.2',
46 silly addNameRange     '0.1.0',
46 silly addNameRange     '0.1.1',
46 silly addNameRange     '0.1.2',
46 silly addNameRange     '0.1.3',
46 silly addNameRange     '0.1.4',
46 silly addNameRange     '0.1.5',
46 silly addNameRange     '0.1.6',
46 silly addNameRange     '0.1.7',
46 silly addNameRange     '0.2.0',
46 silly addNameRange     '0.2.1',
46 silly addNameRange     '0.2.2',
46 silly addNameRange     '0.2.3',
46 silly addNameRange     '0.2.4',
46 silly addNameRange     '0.3.0',
46 silly addNameRange     '0.3.1',
46 silly addNameRange     '0.3.2',
46 silly addNameRange     '0.3.3',
46 silly addNameRange     '0.3.4',
46 silly addNameRange     '0.4.0',
46 silly addNameRange     '0.4.1',
46 silly addNameRange     '0.4.2',
46 silly addNameRange     '0.5.0',
46 silly addNameRange     '0.5.1',
46 silly addNameRange     '0.5.2',
46 silly addNameRange     '0.5.3',
46 silly addNameRange     '1.0.0',
46 silly addNameRange     '1.0.1',
46 silly addNameRange     '1.0.2',
46 silly addNameRange     '1.0.3',
46 silly addNameRange     '1.0.4',
46 silly addNameRange     '1.1.0',
46 silly addNameRange     '1.1.1',
46 silly addNameRange     '1.2.0',
46 silly addNameRange     '1.3.0',
46 silly addNameRange     '1.4.0',
46 silly addNameRange     '1.4.1',
46 silly addNameRange     '1.4.2',
46 silly addNameRange     '1.5.0',
46 silly addNameRange     '1.6.0',
46 silly addNameRange     '1.6.1',
46 silly addNameRange     '1.7.0',
46 silly addNameRange     '1.7.1',
46 silly addNameRange     '1.7.2',
46 silly addNameRange     '1.8.0',
46 silly addNameRange     '1.8.1',
46 silly addNameRange     '1.9.0',
46 silly addNameRange     '1.9.1',
46 silly addNameRange     '1.9.2',
46 silly addNameRange     '1.10.0' ] ]
47 verbose addNamed chai@1.10.0
48 silly addNamed semver.valid 1.10.0
49 silly addNamed semver.validRange 1.10.0
50 silly addNameRange number 2 { name: 'mocha', range: '*', hasData: true }
51 silly addNameRange versions [ 'mocha',
51 silly addNameRange   [ '0.0.1-alpha1',
51 silly addNameRange     '0.0.1-alpha2',
51 silly addNameRange     '0.0.1-alpha3',
51 silly addNameRange     '0.0.1-alpha4',
51 silly addNameRange     '0.0.1-alpha5',
51 silly addNameRange     '0.0.1-alpha6',
51 silly addNameRange     '0.0.1',
51 silly addNameRange     '0.0.2',
51 silly addNameRange     '0.0.3',
51 silly addNameRange     '0.0.4',
51 silly addNameRange     '0.0.5',
51 silly addNameRange     '0.0.6',
51 silly addNameRange     '0.0.7',
51 silly addNameRange     '0.0.8',
51 silly addNameRange     '0.1.0',
51 silly addNameRange     '0.2.0',
51 silly addNameRange     '0.3.0',
51 silly addNameRange     '0.3.1',
51 silly addNameRange     '0.3.2',
51 silly addNameRange     '0.3.3',
51 silly addNameRange     '0.3.4',
51 silly addNameRange     '0.3.6',
51 silly addNameRange     '0.4.0',
51 silly addNameRange     '0.5.0',
51 silly addNameRange     '0.6.0',
51 silly addNameRange     '0.7.0',
51 silly addNameRange     '0.7.1',
51 silly addNameRange     '0.8.0',
51 silly addNameRange     '0.8.1',
51 silly addNameRange     '0.9.0',
51 silly addNameRange     '0.10.0',
51 silly addNameRange     '0.10.1',
51 silly addNameRange     '0.10.2',
51 silly addNameRange     '0.11.0',
51 silly addNameRange     '0.12.0',
51 silly addNameRange     '0.12.1',
51 silly addNameRange     '0.13.0',
51 silly addNameRange     '0.14.0',
51 silly addNameRange     '0.14.1',
51 silly addNameRange     '1.0.0',
51 silly addNameRange     '1.0.1',
51 silly addNameRange     '1.0.2',
51 silly addNameRange     '1.0.3',
51 silly addNameRange     '1.1.0',
51 silly addNameRange     '1.2.0',
51 silly addNameRange     '1.2.1',
51 silly addNameRange     '1.2.2',
51 silly addNameRange     '1.3.0',
51 silly addNameRange     '1.3.1',
51 silly addNameRange     '1.3.2',
51 silly addNameRange     '1.4.0',
51 silly addNameRange     '1.4.1',
51 silly addNameRange     '1.4.2',
51 silly addNameRange     '1.4.3',
51 silly addNameRange     '1.5.0',
51 silly addNameRange     '1.6.0',
51 silly addNameRange     '1.7.0',
51 silly addNameRange     '1.7.1',
51 silly addNameRange     '1.7.2',
51 silly addNameRange     '1.7.3',
51 silly addNameRange     '1.7.4',
51 silly addNameRange     '1.8.0',
51 silly addNameRange     '1.8.1',
51 silly addNameRange     '1.8.2',
51 silly addNameRange     '1.9.0',
51 silly addNameRange     '1.10.0',
51 silly addNameRange     '1.11.0',
51 silly addNameRange     '1.12.0',
51 silly addNameRange     '1.12.1',
51 silly addNameRange     '1.13.0',
51 silly addNameRange     '1.14.0',
51 silly addNameRange     '1.15.0',
51 silly addNameRange     '1.15.1',
51 silly addNameRange     '1.16.0',
51 silly addNameRange     '1.16.1',
51 silly addNameRange     '1.16.2',
51 silly addNameRange     '1.17.0',
51 silly addNameRange     '1.17.1',
51 silly addNameRange     '1.18.0',
51 silly addNameRange     '1.18.1',
51 silly addNameRange     '1.18.2',
51 silly addNameRange     '1.19.0',
51 silly addNameRange     '1.20.0',
51 silly addNameRange     '1.20.1',
51 silly addNameRange     '1.21.0',
51 silly addNameRange     '1.21.1',
51 silly addNameRange     '1.21.2',
51 silly addNameRange     '1.21.3',
51 silly addNameRange     '1.21.4',
51 silly addNameRange     '1.21.5',
51 silly addNameRange     '2.0.0',
51 silly addNameRange     '2.0.1' ] ]
52 verbose addNamed mocha@2.0.1
53 silly addNamed semver.valid 2.0.1
54 silly addNamed semver.validRange 2.0.1
55 silly cache afterAdd mocha@2.0.1
56 verbose afterAdd /Users/arttucker/.npm/mocha/2.0.1/package/package.json not in flight; writing
57 silly cache afterAdd chai@1.10.0
58 verbose afterAdd /Users/arttucker/.npm/chai/1.10.0/package/package.json not in flight; writing
59 verbose afterAdd /Users/arttucker/.npm/mocha/2.0.1/package/package.json written
60 verbose afterAdd /Users/arttucker/.npm/chai/1.10.0/package/package.json written
61 silly install resolved [ { name: 'mocha',
61 silly install resolved     version: '2.0.1',
61 silly install resolved     description: 'simple, flexible, fun test framework',
61 silly install resolved     keywords: [ 'mocha', 'test', 'bdd', 'tdd', 'tap' ],
61 silly install resolved     author: { name: 'TJ Holowaychuk', email: 'tj@vision-media.ca' },
61 silly install resolved     contributors:
61 silly install resolved      [ [Object],
61 silly install resolved        [Object],
61 silly install resolved        [Object],
61 silly install resolved        [Object],
61 silly install resolved        [Object],
61 silly install resolved        [Object],
61 silly install resolved        [Object],
61 silly install resolved        [Object] ],
61 silly install resolved     repository: { type: 'git', url: 'git://github.com/mochajs/mocha.git' },
61 silly install resolved     maintainers: [ [Object], [Object], [Object], [Object] ],
61 silly install resolved     main: './index',
61 silly install resolved     browser: './mocha.js',
61 silly install resolved     bin: { mocha: './bin/mocha', _mocha: './bin/_mocha' },
61 silly install resolved     engines: { node: '>= 0.8.x' },
61 silly install resolved     scripts: { test: 'make test-all' },
61 silly install resolved     dependencies:
61 silly install resolved      { commander: '2.3.0',
61 silly install resolved        debug: '2.0.0',
61 silly install resolved        diff: '1.0.8',
61 silly install resolved        'escape-string-regexp': '1.0.2',
61 silly install resolved        glob: '3.2.3',
61 silly install resolved        growl: '1.8.1',
61 silly install resolved        jade: '0.26.3',
61 silly install resolved        mkdirp: '0.5.0' },
61 silly install resolved     devDependencies: { 'coffee-script': '~1.8.0', should: '~4.0.0' },
61 silly install resolved     files:
61 silly install resolved      [ 'bin',
61 silly install resolved        'images',
61 silly install resolved        'lib',
61 silly install resolved        'index.js',
61 silly install resolved        'mocha.css',
61 silly install resolved        'mocha.js',
61 silly install resolved        'LICENSE' ],
61 silly install resolved     licenses: [ [Object] ],
61 silly install resolved     bugs: { url: 'https://github.com/mochajs/mocha/issues' },
61 silly install resolved     homepage: 'https://github.com/mochajs/mocha',
61 silly install resolved     _id: 'mocha@2.0.1',
61 silly install resolved     _shasum: '5a16e88b856d0c4145d8c6888c27ebd4fab13e90',
61 silly install resolved     _from: 'mocha@*',
61 silly install resolved     _npmVersion: '1.4.9',
61 silly install resolved     _npmUser: { name: 'travisjeffery', email: 'tj@travisjeffery.com' },
61 silly install resolved     dist:
61 silly install resolved      { shasum: '5a16e88b856d0c4145d8c6888c27ebd4fab13e90',
61 silly install resolved        tarball: 'http://registry.npmjs.org/mocha/-/mocha-2.0.1.tgz' },
61 silly install resolved     directories: {},
61 silly install resolved     _resolved: 'https://registry.npmjs.org/mocha/-/mocha-2.0.1.tgz',
61 silly install resolved     readme: 'ERROR: No README data found!' },
61 silly install resolved   { author: { name: 'Jake Luer', email: 'jake@alogicalparadox.com' },
61 silly install resolved     name: 'chai',
61 silly install resolved     description: 'BDD/TDD assertion library for node.js and the browser. Test framework agnostic.',
61 silly install resolved     keywords: [ 'test', 'assertion', 'assert', 'testing', 'chai' ],
61 silly install resolved     homepage: 'http://chaijs.com',
61 silly install resolved     license: 'MIT',
61 silly install resolved     contributors: [ [Object], [Object], [Object], [Object] ],
61 silly install resolved     version: '1.10.0',
61 silly install resolved     repository: { type: 'git', url: 'https://github.com/chaijs/chai' },
61 silly install resolved     bugs: { url: 'https://github.com/chaijs/chai/issues' },
61 silly install resolved     main: './index',
61 silly install resolved     scripts: { test: 'make test' },
61 silly install resolved     engines: { node: '>= 0.4.0' },
61 silly install resolved     dependencies: { 'assertion-error': '1.0.0', 'deep-eql': '0.1.3' },
61 silly install resolved     devDependencies:
61 silly install resolved      { component: '*',
61 silly install resolved        karma: '0.12.x',
61 silly install resolved        'karma-mocha': '*',
61 silly install resolved        'karma-sauce-launcher': '0.2.x',
61 silly install resolved        'karma-phantomjs-launcher': '0.1.1',
61 silly install resolved        mocha: '1.21.x',
61 silly install resolved        istanbul: '0.2.x' },
61 silly install resolved     gitHead: 'c8b3208ce4237d4e0b16508174d616f155c984a2',
61 silly install resolved     _id: 'chai@1.10.0',
61 silly install resolved     _shasum: 'e4031cc87654461a75943e5a35ab46eaf39c1eb9',
61 silly install resolved     _from: 'chai@*',
61 silly install resolved     _npmVersion: '2.0.0',
61 silly install resolved     _npmUser: { name: 'jakeluer', email: 'jake@alogicalparadox.com' },
61 silly install resolved     maintainers: [ [Object] ],
61 silly install resolved     dist:
61 silly install resolved      { shasum: 'e4031cc87654461a75943e5a35ab46eaf39c1eb9',
61 silly install resolved        tarball: 'http://registry.npmjs.org/chai/-/chai-1.10.0.tgz' },
61 silly install resolved     directories: {},
61 silly install resolved     _resolved: 'https://registry.npmjs.org/chai/-/chai-1.10.0.tgz',
61 silly install resolved     readme: 'ERROR: No README data found!' } ]
62 info install mocha@2.0.1 into /usr/local/lib
63 info install chai@1.10.0 into /usr/local/lib
64 info installOne mocha@2.0.1
65 verbose installOne of mocha to /usr/local/lib not in flight; installing
66 info installOne chai@1.10.0
67 verbose installOne of chai to /usr/local/lib not in flight; installing
68 warn locking Error: EACCES, open '/Users/arttucker/.npm/_locks/mocha-1cb4102bb5230051.lock'
68 warn locking  /Users/arttucker/.npm/_locks/mocha-1cb4102bb5230051.lock failed { [Error: EACCES, open '/Users/arttucker/.npm/_locks/mocha-1cb4102bb5230051.lock']
68 warn locking   errno: 3,
68 warn locking   code: 'EACCES',
68 warn locking   path: '/Users/arttucker/.npm/_locks/mocha-1cb4102bb5230051.lock' }
69 verbose stack Error: Attempt to unlock /usr/local/lib/node_modules/mocha, which hasn't been locked
69 verbose stack     at unlock (/usr/local/lib/node_modules/npm/lib/utils/locker.js:66:11)
69 verbose stack     at cb (/usr/local/lib/node_modules/npm/lib/install.js:929:5)
69 verbose stack     at /usr/local/lib/node_modules/npm/lib/install.js:933:20
69 verbose stack     at /usr/local/lib/node_modules/npm/lib/utils/locker.js:40:9
69 verbose stack     at cb (/usr/local/lib/node_modules/npm/node_modules/lockfile/lockfile.js:149:38)
69 verbose stack     at /usr/local/lib/node_modules/npm/node_modules/lockfile/lockfile.js:177:38
69 verbose stack     at Object.oncomplete (fs.js:107:15)
70 verbose cwd /Users/arttucker/code/sf-wdi-14/test-driven-development
71 error Darwin 14.0.0
72 error argv "node" "/usr/local/bin/npm" "install" "mocha" "chai" "-g"
73 error node v0.10.33
74 error npm  v2.1.9
75 error Attempt to unlock /usr/local/lib/node_modules/mocha, which hasn't been locked
76 error If you need help, you may report this error at:
76 error     <http://github.com/npm/npm/issues>
77 verbose exit [ 1, true ]
